2022-01-03 15:26:57,067 INFO o.a.j.u.JMeterUtils: Setting Locale to en_EN
2022-01-03 15:26:57,110 INFO o.a.j.JMeter: Loading user properties from: user.properties
2022-01-03 15:26:57,111 INFO o.a.j.JMeter: Loading system properties from: system.properties
2022-01-03 15:26:57,124 INFO o.a.j.JMeter: Copyright (c) 1998-2021 The Apache Software Foundation
2022-01-03 15:26:57,125 INFO o.a.j.JMeter: Version 5.4.2
2022-01-03 15:26:57,125 INFO o.a.j.JMeter: java.version=14.0.1
2022-01-03 15:26:57,125 INFO o.a.j.JMeter: java.vm.name=Java HotSpot(TM) 64-Bit Server VM
2022-01-03 15:26:57,125 INFO o.a.j.JMeter: os.name=Windows 10
2022-01-03 15:26:57,126 INFO o.a.j.JMeter: os.arch=amd64
2022-01-03 15:26:57,126 INFO o.a.j.JMeter: os.version=10.0
2022-01-03 15:26:57,126 INFO o.a.j.JMeter: file.encoding=Cp1252
2022-01-03 15:26:57,126 INFO o.a.j.JMeter: java.awt.headless=null
2022-01-03 15:26:57,127 INFO o.a.j.JMeter: Max memory     =1073741824
2022-01-03 15:26:57,127 INFO o.a.j.JMeter: Available Processors =8
2022-01-03 15:26:57,144 INFO o.a.j.JMeter: Default Locale=English (EN)
2022-01-03 15:26:57,145 INFO o.a.j.JMeter: JMeter  Locale=English (EN)
2022-01-03 15:26:57,145 INFO o.a.j.JMeter: JMeterHome=C:\Users\abhishek\Desktop\testing\apache-jmeter-5.4.2
2022-01-03 15:26:57,145 INFO o.a.j.JMeter: user.dir  =C:\Users\abhishek\Desktop\testing\apache-jmeter-5.4.2\bin
2022-01-03 15:26:57,146 INFO o.a.j.JMeter: PWD       =C:\Users\abhishek\Desktop\testing\apache-jmeter-5.4.2\bin
2022-01-03 15:26:57,147 INFO o.a.j.JMeter: IP: 192.168.144.30 Name: LAPTOP-MU6CJVH2 FullName: LAPTOP-MU6CJVH2
2022-01-03 15:26:57,340 INFO o.a.j.JMeter: Setting LAF to: com.github.weisj.darklaf.DarkLaf:com.github.weisj.darklaf.theme.DarculaTheme
2022-01-03 15:26:57,784 INFO o.a.j.JMeter: Loaded icon properties from org/apache/jmeter/images/icon.properties
2022-01-03 15:28:17,310 INFO o.a.j.p.h.s.HTTPSamplerBase: Parser for text/html is org.apache.jmeter.protocol.http.parser.LagartoBasedHtmlParser
2022-01-03 15:28:17,313 INFO o.a.j.p.h.s.HTTPSamplerBase: Parser for application/xhtml+xml is org.apache.jmeter.protocol.http.parser.LagartoBasedHtmlParser
2022-01-03 15:28:17,313 INFO o.a.j.p.h.s.HTTPSamplerBase: Parser for application/xml is org.apache.jmeter.protocol.http.parser.LagartoBasedHtmlParser
2022-01-03 15:28:17,314 INFO o.a.j.p.h.s.HTTPSamplerBase: Parser for text/xml is org.apache.jmeter.protocol.http.parser.LagartoBasedHtmlParser
2022-01-03 15:28:17,314 INFO o.a.j.p.h.s.HTTPSamplerBase: Parser for text/vnd.wap.wml is org.apache.jmeter.protocol.http.parser.RegexpHTMLParser
2022-01-03 15:28:17,314 INFO o.a.j.p.h.s.HTTPSamplerBase: Parser for text/css is org.apache.jmeter.protocol.http.parser.CssParser
2022-01-03 15:32:29,992 INFO o.a.j.s.SampleResult: Note: Sample TimeStamps are START times
2022-01-03 15:32:29,993 INFO o.a.j.s.SampleResult: sampleresult.default.encoding is set to ISO-8859-1
2022-01-03 15:32:29,993 INFO o.a.j.s.SampleResult: sampleresult.useNanoTime=true
2022-01-03 15:32:29,994 INFO o.a.j.s.SampleResult: sampleresult.nanoThreadSleep=5000
2022-01-03 15:32:30,258 INFO o.a.j.v.ViewResultsFullVisualizer: Add JavaFX to your Java installation if you want to use renderer: org.apache.jmeter.visualizers.RenderInBrowser
2022-01-03 15:35:58,621 INFO o.a.j.s.FileServer: Default base='C:\Users\abhishek\Desktop\testing\apache-jmeter-5.4.2\bin'
2022-01-03 15:35:58,624 INFO o.a.j.s.FileServer: Set new base='C:\Users\abhishek\Desktop\testing'
2022-01-03 15:35:58,827 INFO o.a.j.s.SaveService: Testplan (JMX) version: 2.2. Testlog (JTL) version: 2.2
2022-01-03 15:35:58,844 INFO o.a.j.s.SaveService: Using SaveService properties version 5.0
2022-01-03 15:35:58,846 INFO o.a.j.s.SaveService: Using SaveService properties file encoding UTF-8
2022-01-03 15:35:58,884 INFO o.a.j.e.StandardJMeterEngine: Running the test!
2022-01-03 15:35:58,885 INFO o.a.j.s.SampleEvent: List of sample_variables: []
2022-01-03 15:35:58,885 INFO o.a.j.s.SampleEvent: List of sample_variables: []
2022-01-03 15:35:58,888 INFO o.a.j.e.u.CompoundVariable: Note: Function class names must contain the string: '.functions.'
2022-01-03 15:35:58,888 INFO o.a.j.e.u.CompoundVariable: Note: Function class names must not contain the string: '.gui.'
2022-01-03 15:35:59,227 INFO o.a.j.g.u.JMeterMenuBar: setRunning(true, *local*)
2022-01-03 15:35:59,271 INFO o.a.j.e.StandardJMeterEngine: Starting ThreadGroup: 1 : Thread Group
2022-01-03 15:35:59,272 INFO o.a.j.e.StandardJMeterEngine: Starting 1 threads for group Thread Group.
2022-01-03 15:35:59,272 INFO o.a.j.e.StandardJMeterEngine: Thread will continue on error
2022-01-03 15:35:59,272 INFO o.a.j.t.ThreadGroup: Starting thread group... number=1 threads=1 ramp-up=1 delayedStart=false
2022-01-03 15:35:59,276 INFO o.a.j.t.ThreadGroup: Started thread group number 1
2022-01-03 15:35:59,276 INFO o.a.j.e.StandardJMeterEngine: All thread groups have been started
2022-01-03 15:35:59,277 INFO o.a.j.t.JMeterThread: Thread started: Thread Group 1-1
2022-01-03 15:35:59,299 INFO o.a.j.p.h.s.HTTPHCAbstractImpl: Local host = LAPTOP-MU6CJVH2
2022-01-03 15:35:59,312 INFO o.a.j.p.h.s.HTTPHC4Impl: HTTP request retry count = 0
2022-01-03 15:35:59,449 INFO o.a.j.p.h.s.h.LazyLayeredConnectionSocketFactory: Setting up HTTPS TrustAll Socket Factory
2022-01-03 15:35:59,455 INFO o.a.j.u.JsseSSLManager: Using default SSL protocol: TLS
2022-01-03 15:35:59,455 INFO o.a.j.u.JsseSSLManager: SSL session context: per-thread
2022-01-03 15:35:59,768 INFO o.a.j.u.SSLManager: JmeterKeyStore Location:  type JKS
2022-01-03 15:35:59,773 INFO o.a.j.u.SSLManager: KeyStore created OK
2022-01-03 15:35:59,773 WARN o.a.j.u.SSLManager: Keystore file not found, loading empty keystore
2022-01-03 15:36:00,521 INFO o.a.j.t.JMeterThread: Thread is done: Thread Group 1-1
2022-01-03 15:36:00,521 INFO o.a.j.t.JMeterThread: Thread finished: Thread Group 1-1
2022-01-03 15:36:00,529 INFO o.a.j.e.StandardJMeterEngine: Notifying test listeners of end of test
2022-01-03 15:36:00,530 INFO o.a.j.g.u.JMeterMenuBar: setRunning(false, *local*)
2022-01-03 15:39:43,741 INFO o.a.j.e.StandardJMeterEngine: Running the test!
2022-01-03 15:39:43,742 INFO o.a.j.s.SampleEvent: List of sample_variables: []
2022-01-03 15:39:43,750 INFO o.a.j.g.u.JMeterMenuBar: setRunning(true, *local*)
2022-01-03 15:39:43,768 INFO o.a.j.e.StandardJMeterEngine: Starting ThreadGroup: 1 : Thread Group
2022-01-03 15:39:43,769 INFO o.a.j.e.StandardJMeterEngine: Starting 1 threads for group Thread Group.
2022-01-03 15:39:43,769 INFO o.a.j.e.StandardJMeterEngine: Thread will continue on error
2022-01-03 15:39:43,770 INFO o.a.j.t.ThreadGroup: Starting thread group... number=1 threads=1 ramp-up=1 delayedStart=false
2022-01-03 15:39:43,771 INFO o.a.j.t.ThreadGroup: Started thread group number 1
2022-01-03 15:39:43,774 INFO o.a.j.e.StandardJMeterEngine: All thread groups have been started
2022-01-03 15:39:43,776 INFO o.a.j.t.JMeterThread: Thread started: Thread Group 1-1
2022-01-03 15:39:44,876 INFO o.a.j.t.JMeterThread: Thread is done: Thread Group 1-1
2022-01-03 15:39:44,877 INFO o.a.j.t.JMeterThread: Thread finished: Thread Group 1-1
2022-01-03 15:39:44,878 INFO o.a.j.e.StandardJMeterEngine: Notifying test listeners of end of test
2022-01-03 15:39:44,878 INFO o.a.j.g.u.JMeterMenuBar: setRunning(false, *local*)
2022-01-03 15:43:44,196 INFO o.a.j.e.StandardJMeterEngine: Running the test!
2022-01-03 15:43:44,197 INFO o.a.j.s.SampleEvent: List of sample_variables: []
2022-01-03 15:43:44,200 INFO o.a.j.g.u.JMeterMenuBar: setRunning(true, *local*)
2022-01-03 15:43:44,244 INFO o.a.j.e.StandardJMeterEngine: Starting ThreadGroup: 1 : Thread Group
2022-01-03 15:43:44,244 INFO o.a.j.e.StandardJMeterEngine: Starting 1 threads for group Thread Group.
2022-01-03 15:43:44,244 INFO o.a.j.e.StandardJMeterEngine: Thread will continue on error
2022-01-03 15:43:44,244 INFO o.a.j.t.ThreadGroup: Starting thread group... number=1 threads=1 ramp-up=1 delayedStart=false
2022-01-03 15:43:44,246 INFO o.a.j.t.ThreadGroup: Started thread group number 1
2022-01-03 15:43:44,246 INFO o.a.j.e.StandardJMeterEngine: All thread groups have been started
2022-01-03 15:43:44,246 INFO o.a.j.t.JMeterThread: Thread started: Thread Group 1-1
2022-01-03 15:43:45,723 INFO o.a.j.t.JMeterThread: Thread is done: Thread Group 1-1
2022-01-03 15:43:45,723 INFO o.a.j.t.JMeterThread: Thread finished: Thread Group 1-1
2022-01-03 15:43:45,725 INFO o.a.j.e.StandardJMeterEngine: Notifying test listeners of end of test
2022-01-03 15:43:45,726 INFO o.a.j.g.u.JMeterMenuBar: setRunning(false, *local*)
2022-01-03 15:45:07,923 INFO o.a.j.e.StandardJMeterEngine: Running the test!
2022-01-03 15:45:07,924 INFO o.a.j.s.SampleEvent: List of sample_variables: []
2022-01-03 15:45:07,926 INFO o.a.j.g.u.JMeterMenuBar: setRunning(true, *local*)
2022-01-03 15:45:08,031 INFO o.a.j.e.StandardJMeterEngine: Starting ThreadGroup: 1 : Thread Group
2022-01-03 15:45:08,032 INFO o.a.j.e.StandardJMeterEngine: Starting 1 threads for group Thread Group.
2022-01-03 15:45:08,032 INFO o.a.j.e.StandardJMeterEngine: Thread will continue on error
2022-01-03 15:45:08,033 INFO o.a.j.t.ThreadGroup: Starting thread group... number=1 threads=1 ramp-up=1 delayedStart=false
2022-01-03 15:45:08,035 INFO o.a.j.t.ThreadGroup: Started thread group number 1
2022-01-03 15:45:08,035 INFO o.a.j.e.StandardJMeterEngine: All thread groups have been started
2022-01-03 15:45:08,038 INFO o.a.j.t.JMeterThread: Thread started: Thread Group 1-1
2022-01-03 15:45:09,691 INFO o.a.j.t.JMeterThread: Thread is done: Thread Group 1-1
2022-01-03 15:45:09,691 INFO o.a.j.t.JMeterThread: Thread finished: Thread Group 1-1
2022-01-03 15:45:09,693 INFO o.a.j.e.StandardJMeterEngine: Notifying test listeners of end of test
2022-01-03 15:45:09,694 INFO o.a.j.g.u.JMeterMenuBar: setRunning(false, *local*)
2022-01-03 15:45:49,638 INFO o.a.j.e.StandardJMeterEngine: Running the test!
2022-01-03 15:45:49,640 INFO o.a.j.s.SampleEvent: List of sample_variables: []
2022-01-03 15:45:49,646 INFO o.a.j.g.u.JMeterMenuBar: setRunning(true, *local*)
2022-01-03 15:45:49,737 INFO o.a.j.e.StandardJMeterEngine: Starting ThreadGroup: 1 : Thread Group
2022-01-03 15:45:49,738 INFO o.a.j.e.StandardJMeterEngine: Starting 1 threads for group Thread Group.
2022-01-03 15:45:49,738 INFO o.a.j.e.StandardJMeterEngine: Thread will continue on error
2022-01-03 15:45:49,738 INFO o.a.j.t.ThreadGroup: Starting thread group... number=1 threads=1 ramp-up=1 delayedStart=false
2022-01-03 15:45:49,740 INFO o.a.j.t.ThreadGroup: Started thread group number 1
2022-01-03 15:45:49,741 INFO o.a.j.e.StandardJMeterEngine: All thread groups have been started
2022-01-03 15:45:49,743 INFO o.a.j.t.JMeterThread: Thread started: Thread Group 1-1
2022-01-03 15:45:50,779 INFO o.a.j.t.JMeterThread: Thread is done: Thread Group 1-1
2022-01-03 15:45:50,779 INFO o.a.j.t.JMeterThread: Thread finished: Thread Group 1-1
2022-01-03 15:45:50,781 INFO o.a.j.e.StandardJMeterEngine: Notifying test listeners of end of test
2022-01-03 15:45:50,782 INFO o.a.j.g.u.JMeterMenuBar: setRunning(false, *local*)
2022-01-03 15:46:27,617 INFO o.a.j.e.StandardJMeterEngine: Running the test!
2022-01-03 15:46:27,619 INFO o.a.j.s.SampleEvent: List of sample_variables: []
2022-01-03 15:46:27,621 INFO o.a.j.g.u.JMeterMenuBar: setRunning(true, *local*)
2022-01-03 15:46:27,715 INFO o.a.j.e.StandardJMeterEngine: Starting ThreadGroup: 1 : Thread Group
2022-01-03 15:46:27,716 INFO o.a.j.e.StandardJMeterEngine: Starting 1 threads for group Thread Group.
2022-01-03 15:46:27,716 INFO o.a.j.e.StandardJMeterEngine: Thread will continue on error
2022-01-03 15:46:27,717 INFO o.a.j.t.ThreadGroup: Starting thread group... number=1 threads=1 ramp-up=1 delayedStart=false
2022-01-03 15:46:27,718 INFO o.a.j.t.ThreadGroup: Started thread group number 1
2022-01-03 15:46:27,718 INFO o.a.j.e.StandardJMeterEngine: All thread groups have been started
2022-01-03 15:46:27,721 INFO o.a.j.t.JMeterThread: Thread started: Thread Group 1-1
2022-01-03 15:46:28,744 INFO o.a.j.t.JMeterThread: Thread is done: Thread Group 1-1
2022-01-03 15:46:28,744 INFO o.a.j.t.JMeterThread: Thread finished: Thread Group 1-1
2022-01-03 15:46:28,747 INFO o.a.j.e.StandardJMeterEngine: Notifying test listeners of end of test
2022-01-03 15:46:28,747 INFO o.a.j.g.u.JMeterMenuBar: setRunning(false, *local*)
2022-01-03 15:52:09,033 INFO o.a.j.e.StandardJMeterEngine: Running the test!
2022-01-03 15:52:09,035 INFO o.a.j.s.SampleEvent: List of sample_variables: []
2022-01-03 15:52:09,043 INFO o.a.j.g.u.JMeterMenuBar: setRunning(true, *local*)
2022-01-03 15:52:09,058 INFO o.a.j.e.StandardJMeterEngine: Starting ThreadGroup: 1 : Thread Group
2022-01-03 15:52:09,059 INFO o.a.j.e.StandardJMeterEngine: Starting 1 threads for group Thread Group.
2022-01-03 15:52:09,060 INFO o.a.j.e.StandardJMeterEngine: Thread will continue on error
2022-01-03 15:52:09,060 INFO o.a.j.t.ThreadGroup: Starting thread group... number=1 threads=1 ramp-up=1 delayedStart=false
2022-01-03 15:52:09,062 INFO o.a.j.t.ThreadGroup: Started thread group number 1
2022-01-03 15:52:09,063 INFO o.a.j.e.StandardJMeterEngine: All thread groups have been started
2022-01-03 15:52:09,066 INFO o.a.j.t.JMeterThread: Thread started: Thread Group 1-1
2022-01-03 15:52:12,859 INFO o.a.j.t.JMeterThread: Thread is done: Thread Group 1-1
2022-01-03 15:52:12,860 INFO o.a.j.t.JMeterThread: Thread finished: Thread Group 1-1
2022-01-03 15:52:12,862 INFO o.a.j.e.StandardJMeterEngine: Notifying test listeners of end of test
2022-01-03 15:52:12,863 INFO o.a.j.g.u.JMeterMenuBar: setRunning(false, *local*)
2022-01-03 15:53:45,252 INFO o.a.j.e.StandardJMeterEngine: Running the test!
2022-01-03 15:53:45,253 INFO o.a.j.s.SampleEvent: List of sample_variables: []
2022-01-03 15:53:45,260 INFO o.a.j.g.u.JMeterMenuBar: setRunning(true, *local*)
2022-01-03 15:53:45,363 INFO o.a.j.e.StandardJMeterEngine: Starting ThreadGroup: 1 : Thread Group
2022-01-03 15:53:45,364 INFO o.a.j.e.StandardJMeterEngine: Starting 1 threads for group Thread Group.
2022-01-03 15:53:45,364 INFO o.a.j.e.StandardJMeterEngine: Thread will continue on error
2022-01-03 15:53:45,364 INFO o.a.j.t.ThreadGroup: Starting thread group... number=1 threads=1 ramp-up=1 delayedStart=false
2022-01-03 15:53:45,366 INFO o.a.j.t.ThreadGroup: Started thread group number 1
2022-01-03 15:53:45,366 INFO o.a.j.e.StandardJMeterEngine: All thread groups have been started
2022-01-03 15:53:45,368 INFO o.a.j.t.JMeterThread: Thread started: Thread Group 1-1
2022-01-03 15:53:48,750 INFO o.a.j.t.JMeterThread: Thread is done: Thread Group 1-1
2022-01-03 15:53:48,750 INFO o.a.j.t.JMeterThread: Thread finished: Thread Group 1-1
2022-01-03 15:53:48,752 INFO o.a.j.e.StandardJMeterEngine: Notifying test listeners of end of test
2022-01-03 15:53:48,753 INFO o.a.j.g.u.JMeterMenuBar: setRunning(false, *local*)
2022-01-04 16:48:27,707 INFO o.a.j.e.StandardJMeterEngine: Running the test!
2022-01-04 16:48:27,727 INFO o.a.j.s.SampleEvent: List of sample_variables: []
2022-01-04 16:48:27,745 INFO o.a.j.g.u.JMeterMenuBar: setRunning(true, *local*)
2022-01-04 16:48:28,226 INFO o.a.j.e.StandardJMeterEngine: Starting ThreadGroup: 1 : Thread Group
2022-01-04 16:48:28,227 INFO o.a.j.e.StandardJMeterEngine: Starting 1 threads for group Thread Group.
2022-01-04 16:48:28,228 INFO o.a.j.e.StandardJMeterEngine: Thread will continue on error
2022-01-04 16:48:28,228 INFO o.a.j.t.ThreadGroup: Starting thread group... number=1 threads=1 ramp-up=1 delayedStart=false
2022-01-04 16:48:28,231 INFO o.a.j.t.ThreadGroup: Started thread group number 1
2022-01-04 16:48:28,232 INFO o.a.j.e.StandardJMeterEngine: All thread groups have been started
2022-01-04 16:48:28,329 INFO o.a.j.t.JMeterThread: Thread started: Thread Group 1-1
2022-01-04 16:48:32,207 INFO o.a.j.t.JMeterThread: Thread is done: Thread Group 1-1
2022-01-04 16:48:32,207 INFO o.a.j.t.JMeterThread: Thread finished: Thread Group 1-1
2022-01-04 16:48:32,207 INFO o.a.j.e.StandardJMeterEngine: Notifying test listeners of end of test
2022-01-04 16:48:32,211 INFO o.a.j.g.u.JMeterMenuBar: setRunning(false, *local*)
